Performing C SOURCE FILE Test CMAKE_HAVE_LIBC_PTHREAD failed with the following output:
Change Dir: /home/admin/Programs/OpenGL/game/src/CMakeFiles/CMakeTmp

Run Build Command(s):/usr/bin/gmake -f Makefile cmTC_c7baa/fast && /usr/bin/gmake  -f CMakeFiles/cmTC_c7baa.dir/build.make CMakeFiles/cmTC_c7baa.dir/build
gmake[1]: вход в каталог «/home/admin/Programs/OpenGL/game/src/CMakeFiles/CMakeTmp»
Building C object CMakeFiles/cmTC_c7baa.dir/src.c.o
/usr/bin/cc -DCMAKE_HAVE_LIBC_PTHREAD   -o CMakeFiles/cmTC_c7baa.dir/src.c.o -c /home/admin/Programs/OpenGL/game/src/CMakeFiles/CMakeTmp/src.c
Linking C executable cmTC_c7baa
/usr/bin/cmake -E cmake_link_script CMakeFiles/cmTC_c7baa.dir/link.txt --verbose=1
/usr/bin/cc CMakeFiles/cmTC_c7baa.dir/src.c.o -o cmTC_c7baa 
/usr/bin/ld: CMakeFiles/cmTC_c7baa.dir/src.c.o: в функции «main»:
src.c:(.text+0x2d): неопределённая ссылка на «pthread_create»
/usr/bin/ld: src.c:(.text+0x39): неопределённая ссылка на «pthread_detach»
/usr/bin/ld: src.c:(.text+0x45): неопределённая ссылка на «pthread_cancel»
/usr/bin/ld: src.c:(.text+0x56): неопределённая ссылка на «pthread_join»
collect2: ошибка: выполнение ld завершилось с кодом возврата 1
gmake[1]: *** [CMakeFiles/cmTC_c7baa.dir/build.make:99: cmTC_c7baa] Ошибка 1
gmake[1]: выход из каталога «/home/admin/Programs/OpenGL/game/src/CMakeFiles/CMakeTmp»
gmake: *** [Makefile:127: cmTC_c7baa/fast] Ошибка 2


Source file was:
#include <pthread.h>

static void* test_func(void* data)
{
  return data;
}

int main(void)
{
  pthread_t thread;
  pthread_create(&thread, NULL, test_func, NULL);
  pthread_detach(thread);
  pthread_cancel(thread);
  pthread_join(thread, NULL);
  pthread_atfork(NULL, NULL, NULL);
  pthread_exit(NULL);

  return 0;
}

Determining if the function pthread_create exists in the pthreads failed with the following output:
Change Dir: /home/admin/Programs/OpenGL/game/src/CMakeFiles/CMakeTmp

Run Build Command(s):/usr/bin/gmake -f Makefile cmTC_0859b/fast && /usr/bin/gmake  -f CMakeFiles/cmTC_0859b.dir/build.make CMakeFiles/cmTC_0859b.dir/build
gmake[1]: вход в каталог «/home/admin/Programs/OpenGL/game/src/CMakeFiles/CMakeTmp»
Building C object CMakeFiles/cmTC_0859b.dir/CheckFunctionExists.c.o
/usr/bin/cc   -DCHECK_FUNCTION_EXISTS=pthread_create -o CMakeFiles/cmTC_0859b.dir/CheckFunctionExists.c.o -c /usr/share/cmake/Modules/CheckFunctionExists.c
Linking C executable cmTC_0859b
/usr/bin/cmake -E cmake_link_script CMakeFiles/cmTC_0859b.dir/link.txt --verbose=1
/usr/bin/cc  -DCHECK_FUNCTION_EXISTS=pthread_create CMakeFiles/cmTC_0859b.dir/CheckFunctionExists.c.o -o cmTC_0859b  -lpthreads 
/usr/bin/ld: невозможно найти -lpthreads
collect2: ошибка: выполнение ld завершилось с кодом возврата 1
gmake[1]: *** [CMakeFiles/cmTC_0859b.dir/build.make:99: cmTC_0859b] Ошибка 1
gmake[1]: выход из каталога «/home/admin/Programs/OpenGL/game/src/CMakeFiles/CMakeTmp»
gmake: *** [Makefile:127: cmTC_0859b/fast] Ошибка 2



